<?xml version="1.0" encoding="UTF-8"?>
<!-- Generated by org.testng.reporters.JUnitReportReporter -->
<testsuite hostname="sumo-HP-EliteBook-840-G4" failures="0" tests="1" name="testPackage.TC_002_Template" time="42.647" errors="0" timestamp="2024-11-21T16:08:01 IST" skipped="0">
  <testcase classname="testPackage.TC_002_Template" name="validate_login" time="42.647"/>
  <system-out/>
</testsuite> <!-- testPackage.TC_002_Template -->
