<?xml version="1.0" encoding="UTF-8"?>
<!-- Generated by org.testng.reporters.JUnitReportReporter -->
<testsuite hostname="DESKTOP-8AF4MIK" failures="0" tests="1" name="testPackage.TC_002_Template" time="22.941" errors="0" timestamp="2024-11-21T13:17:51 IST" skipped="0">
  <testcase classname="testPackage.TC_002_Template" name="validate_login" time="22.941"/>
  <system-out/>
</testsuite> <!-- testPackage.TC_002_Template -->
