<?xml version="1.0" encoding="UTF-8"?>
<!-- Generated by org.testng.reporters.JUnitReportReporter -->
<testsuite hostname="DESKTOP-8AF4MIK" failures="0" tests="1" name="testPackage.TC_003_Logout" time="7.928" errors="0" timestamp="2024-11-22T11:22:08 IST" skipped="0">
  <testcase classname="testPackage.TC_003_Logout" name="validate_login" time="7.928"/>
  <system-out/>
</testsuite> <!-- testPackage.TC_003_Logout -->
