<?xml version="1.0" encoding="UTF-8"?>
<!-- Generated by org.testng.reporters.JUnitReportReporter -->
<testsuite hostname="sumo-HP-EliteBook-840-G4" failures="0" tests="1" name="testPackage.TC_001_Login2" time="40.397" errors="0" timestamp="2024-11-20T14:24:49 IST" skipped="0">
  <testcase classname="testPackage.TC_001_Login2" name="validate_login" time="40.397"/>
  <system-out/>
</testsuite> <!-- testPackage.TC_001_Login2 -->
