<?xml version="1.0" encoding="UTF-8"?>
<!-- Generated by org.testng.reporters.JUnitReportReporter -->
<testsuite hostname="sumo-HP-EliteBook-840-G4" failures="0" tests="1" name="testPackage.TC_002_Template" time="27.834" errors="0" timestamp="2024-11-27T16:34:47 IST" skipped="0">
  <testcase classname="testPackage.TC_002_Template" name="validate_login" time="27.834"/>
  <system-out/>
</testsuite> <!-- testPackage.TC_002_Template -->
