<?xml version="1.0" encoding="UTF-8"?>
<!-- Generated by org.testng.reporters.JUnitReportReporter -->
<testsuite hostname="sumo-HP-EliteBook-840-G4" failures="0" tests="1" name="testPackage.TC_001_Login2" time="0.000" errors="0" timestamp="2024-11-28T14:30:47 IST" skipped="1">
  <testcase classname="testPackage.TC_001_Login2" name="validate_login" time="0.000">
    <skipped/>
  </testcase> <!-- validate_login -->
  <system-out/>
</testsuite> <!-- testPackage.TC_001_Login2 -->
