<?xml version="1.0" encoding="UTF-8"?>
<!-- Generated by org.testng.reporters.JUnitReportReporter -->
<testsuite hostname="sumo-HP-EliteBook-840-G4" failures="0" tests="2" name="testPackage.TC_003_Logout" time="34.192" errors="0" timestamp="2024-11-22T10:27:03 IST" skipped="0">
  <testcase classname="testPackage.TC_003_Logout" name="validate_login" time="18.324"/>
  <system-out/>
  <testcase classname="testPackage.TC_003_Logout" name="validate_login" time="15.868"/>
  <system-out/>
</testsuite> <!-- testPackage.TC_003_Logout -->
