<?xml version="1.0" encoding="UTF-8"?>
<!-- Generated by org.testng.reporters.JUnitReportReporter -->
<testsuite hostname="sumo-HP-EliteBook-840-G4" failures="0" tests="1" name="testPackage.TC_004_CreateNewBatch" time="117.132" errors="0" timestamp="2024-11-28T23:36:58 IST" skipped="0">
  <testcase classname="testPackage.TC_004_CreateNewBatch" name="validate_login" time="117.132"/>
  <system-out/>
</testsuite> <!-- testPackage.TC_004_CreateNewBatch -->
