<?xml version="1.0" encoding="UTF-8"?>
<!-- Generated by org.testng.reporters.JUnitReportReporter -->
<testsuite hostname="sumo-HP-EliteBook-840-G4" failures="0" tests="1" name="testPackage.TC_002_Template" time="53.035" errors="0" timestamp="2024-11-21T12:36:16 IST" skipped="0">
  <testcase classname="testPackage.TC_002_Template" name="validate_login" time="53.035"/>
  <system-out/>
</testsuite> <!-- testPackage.TC_002_Template -->
